<?xml version="1.0" encoding="UTF-8"?>
<!-- Generated by org.testng.reporters.JUnitReportReporter -->
<testsuite hostname="DESKTOP-2QDPG9I" failures="0" tests="5" name="activities.Activity10" time="5.302" errors="0" timestamp="2021-05-30T16:52:07 IST" skipped="0">
  <testcase classname="activities.Activity10" name="sliderToMiddleTest" time="0.354"/>
  <system-out>
    <![CDATA[Mid value: 50]]>
  </system-out>
  <testcase classname="activities.Activity10" name="sliderToMaxTest" time="3.519"/>
  <system-out>
    <![CDATA[Max value: 100]]>
  </system-out>
  <testcase classname="activities.Activity10" name="sliderToMinTest" time="0.495"/>
  <system-out>
    <![CDATA[Min value: 0]]>
  </system-out>
  <testcase classname="activities.Activity10" name="sliderTo80Test" time="0.468"/>
  <system-out>
    <![CDATA[Min value: 80]]>
  </system-out>
  <testcase classname="activities.Activity10" name="sliderTo30Test" time="0.466"/>
  <system-out>
    <![CDATA[Min value: 30]]>
  </system-out>
</testsuite> <!-- activities.Activity10 -->
