<?xml version="1.0" encoding="UTF-8"?>
<!-- Generated by org.testng.reporters.JUnitReportReporter -->
<testsuite hostname="DESKTOP-2QDPG9I" failures="0" tests="1" name="activities.Activity7" time="0.443" errors="0" timestamp="2021-05-30T16:16:39 IST" skipped="0">
  <testcase classname="activities.Activity7" name="loginTestCase" time="0.443"/>
  <system-out/>
</testsuite> <!-- activities.Activity7 -->
