<?xml version="1.0" encoding="UTF-8"?>
<!-- Generated by org.testng.reporters.JUnitReportReporter -->
<testsuite hostname="DESKTOP-2QDPG9I" failures="0" tests="1" name="Activity4.DemoTwo" time="0.005" errors="0" timestamp="2021-05-30T16:23:23 IST" skipped="0">
  <testcase classname="Activity4.DemoTwo" name="TestCase" time="0.005"/>
  <system-out/>
</testsuite> <!-- Activity4.DemoTwo -->
