<?xml version="1.0" encoding="UTF-8"?>
<!-- Generated by org.testng.reporters.JUnitReportReporter -->
<testsuite hostname="DESKTOP-2QDPG9I" failures="0" tests="5" name="activities.Activity5" time="0.304" errors="0" timestamp="2021-05-30T16:23:23 IST" skipped="0">
  <testcase classname="activities.Activity5" name="ButtonTest2" time="0.044"/>
  <system-out/>
  <testcase classname="activities.Activity5" name="ButtonTest1" time="0.151"/>
  <system-out/>
  <testcase classname="activities.Activity5" name="HeaderTest2" time="0.052"/>
  <system-out/>
  <testcase classname="activities.Activity5" name="pageTitleTest" time="0.015"/>
  <system-out/>
  <testcase classname="activities.Activity5" name="HeaderTest1" time="0.042"/>
  <system-out/>
</testsuite> <!-- activities.Activity5 -->
