<?xml version="1.0" encoding="UTF-8"?>
<!-- Generated by org.testng.reporters.JUnitReportReporter -->
<testsuite hostname="DESKTOP-2QDPG9I" failures="0" tests="1" name="activities.Activity6" time="0.000" errors="1" timestamp="2021-05-30T16:23:23 IST" skipped="0">
  <testcase classname="activities.Activity6" name="loginTestCase" time="0.000">
    <error message="
Parameter &#039;username&#039; is required by @Test on method loginTestCase but has not been marked @Optional or defined
in C:\Users\KalvaSwetha\Desktop\SDET\IBM_TestNG_Project\src\test\java\activities\Activity8.xml" type="org.testng.TestNGException">
      <![CDATA[org.testng.TestNGException: 
Parameter 'username' is required by @Test on method loginTestCase but has not been marked @Optional or defined
in C:\Users\KalvaSwetha\Desktop\SDET\IBM_TestNG_Project\src\test\java\activities\Activity8.xml
at org.testng.internal.Parameters.createParams(Parameters.java:270)
at org.testng.internal.Parameters.createParametersForMethod(Parameters.java:358)
at org.testng.internal.Parameters.createParameters(Parameters.java:700)
at org.testng.internal.Parameters.handleParameters(Parameters.java:884)
at org.testng.internal.Parameters.handleParameters(Parameters.java:740)
at org.testng.internal.ParameterHandler.handleParameters(ParameterHandler.java:59)
at org.testng.internal.ParameterHandler.createParameters(ParameterHandler.java:38)
at org.testng.internal.TestInvoker$MethodInvocationAgent.invoke(TestInvoker.java:791)
at org.testng.internal.TestInvoker.invokeTestMethods(TestInvoker.java:146)
at org.testng.internal.TestMethodWorker.invokeTestMethods(TestMethodWorker.java:146)
at org.testng.internal.TestMethodWorker.run(TestMethodWorker.java:128)
at java.base/java.util.concurrent.ThreadPoolExecutor.runWorker(ThreadPoolExecutor.java:1130)
at java.base/java.util.concurrent.ThreadPoolExecutor$Worker.run(ThreadPoolExecutor.java:630)
at java.base/java.lang.Thread.run(Thread.java:832)
]]>
    </error>
  </testcase> <!-- loginTestCase -->
  <system-out/>
</testsuite> <!-- activities.Activity6 -->
