<?xml version="1.0" encoding="UTF-8"?>
<!-- Generated by org.testng.reporters.JUnitReportReporter -->
<testsuite hostname="DESKTOP-2QDPG9I" failures="0" tests="1" name="examples.DemoTwo" time="0.002" errors="0" timestamp="2021-05-30T16:05:16 IST" skipped="0">
  <testcase classname="examples.DemoTwo" name="TestCase" time="0.002"/>
  <system-out/>
</testsuite> <!-- examples.DemoTwo -->
