<?xml version="1.0" encoding="UTF-8"?>
<!-- Generated by org.testng.reporters.JUnitReportReporter -->
<testsuite hostname="DESKTOP-2QDPG9I" failures="0" tests="1" name="hrm_Project.Activity1" time="16.486" errors="0" timestamp="2021-05-10T09:42:32 IST" skipped="0">
  <testcase classname="hrm_Project.Activity1" name="testTitle" time="16.486"/>
  <system-out/>
</testsuite> <!-- hrm_Project.Activity1 -->
