<?xml version="1.0" encoding="UTF-8"?>
<!-- Generated by org.testng.reporters.JUnitReportReporter -->
<testsuite hostname="DESKTOP-2QDPG9I" failures="0" tests="2" name="Activity4.DemoOne" time="0.017" errors="0" timestamp="2021-05-30T16:23:23 IST" skipped="0">
  <testcase classname="Activity4.DemoOne" name="firstTestCase" time="0.014"/>
  <system-out/>
  <testcase classname="Activity4.DemoOne" name="secondTestCase" time="0.003"/>
  <system-out/>
</testsuite> <!-- Activity4.DemoOne -->
