<?xml version="1.0" encoding="UTF-8"?>
<!-- Generated by org.testng.reporters.JUnitReportReporter -->
<testsuite hostname="DESKTOP-2QDPG9I" failures="0" tests="1" name="activities.Activity3" time="0.824" errors="0" timestamp="2021-05-30T16:23:23 IST" skipped="0">
  <testcase classname="activities.Activity3" name="loginTest" time="0.824"/>
  <system-out/>
</testsuite> <!-- activities.Activity3 -->
