<?xml version="1.0" encoding="UTF-8"?>
<!-- Generated by org.testng.reporters.JUnitReportReporter -->
<testsuite hostname="DESKTOP-2QDPG9I" failures="0" tests="2" name="examples.DemoOne" time="0.010" errors="0" timestamp="2021-05-30T16:05:16 IST" skipped="0">
  <testcase classname="examples.DemoOne" name="firstTestCase" time="0.008"/>
  <system-out/>
  <testcase classname="examples.DemoOne" name="secondTestCase" time="0.002"/>
  <system-out/>
</testsuite> <!-- examples.DemoOne -->
